Archivo de log creado en /Users/joshmysore/Code/CCLA/process-spreadsheet
Empezando el programa
El archivo /Users/joshmysore/Code/CCLA/process-spreadsheet/busconido_files/UrbanoPark.xlsx ha pasado las comprobaciones de ser un archivo de Excel con contenido.
Columna Tipología creada con: 0      2D2B
1      1D1B
2      1D1B
3      1D1B
4      3D1B
       ... 
280    1D1B
281    2D2B
282    2D1B
283    3D2B
284    2D2B
Name: Tipología, Length: 285, dtype: object
Duplicados borrados basados en la columna Latitud
Columnas ['Superficie', 'Mts Total', 'Mts Útil', 'Mts Total Imp', 'Mts Útil Imp'] procesadas para calcular m2 totales
Columna m2 totales creada con: 0      58.0
1      32.0
2      40.0
3      43.0
4      71.0
       ... 
225    35.0
241    35.0
256    39.0
263    39.0
280    35.7
Name: m2 totales, Length: 65, dtype: float64
Columna Rangos creada con: 0       
1       
2       
3       
4       
      ..
225     
241     
256     
263     
280     
Name: Rangos, Length: 65, dtype: object
Columnas innecesarias borradas: Url Busconido, Descripción, F. Desactivación
Columnas reorganizadas
Columnas agrupadas por Tipología: <pandas.core.groupby.generic.DataFrameGroupBy object at 0x116b2f050>
Calculando mínimo y máximo de m2 totales: 31.0 y 45.0
Calculando número de rangos: 2
Creando lista de tuplas con los rangos: [(31.0, 41.0), (41.0, 51.0)]
Añadiendo el rango a la columna Rangos: 1      31.0-41.0
2      31.0-41.0
3      41.0-51.0
5      41.0-51.0
10     31.0-41.0
16     31.0-41.0
18     31.0-41.0
24     31.0-41.0
29     31.0-41.0
33     31.0-41.0
39     31.0-41.0
47     41.0-51.0
48     31.0-41.0
53     31.0-41.0
63     41.0-51.0
95     31.0-41.0
124    31.0-41.0
132    31.0-41.0
133    31.0-41.0
150    41.0-51.0
157    31.0-41.0
171    41.0-51.0
180    31.0-41.0
192    31.0-41.0
201    31.0-41.0
206    31.0-41.0
209    31.0-41.0
214    31.0-41.0
223    31.0-41.0
225    31.0-41.0
256    31.0-41.0
263    31.0-41.0
280    31.0-41.0
Name: Rangos, dtype: category
Categories (2, object): ['31.0-41.0' < '41.0-51.0']
Creando hoja 1D1B
Estilos definidos para las filas pares e impares
Calculando estadísticas para 33 filas
Estilo de celdas de estadísticas definido como bold_font y blue_fill
Etiquetas de estadísticas definidas: ['Promedio:', 'Moda:', 'Mediana:', 'Rango Mínimo:', 'Rango Máximo:', 'Percentil 80:', 'Percentil 85:', 'Percentil 90:', 'Percentil 95:']
Añadiendo estadísticos
Ajustando el ancho de las columnas
Estilo de celdas de estadísticas definido como bold_font y blue_fill
Calculando mínimo y máximo de m2 totales: 42.0 y 54.0
Calculando número de rangos: 2
Creando lista de tuplas con los rangos: [(42.0, 52.0), (52.0, 62.0)]
Añadiendo el rango a la columna Rangos: 21     42.0-52.0
26     52.0-62.0
35     42.0-52.0
68     42.0-52.0
82     42.0-52.0
117    42.0-52.0
156    42.0-52.0
Name: Rangos, dtype: category
Categories (2, object): ['42.0-52.0' < '52.0-62.0']
Creando hoja 2D1B
Estilos definidos para las filas pares e impares
Calculando estadísticas para 7 filas
Estilo de celdas de estadísticas definido como bold_font y blue_fill
Etiquetas de estadísticas definidas: ['Promedio:', 'Moda:', 'Mediana:', 'Rango Mínimo:', 'Rango Máximo:', 'Percentil 80:', 'Percentil 85:', 'Percentil 90:', 'Percentil 95:']
Añadiendo estadísticos
Ajustando el ancho de las columnas
Estilo de celdas de estadísticas definido como bold_font y blue_fill
Calculando mínimo y máximo de m2 totales: 48.0 y 200.0
Calculando número de rangos: 16
Creando lista de tuplas con los rangos: [(48.0, 58.0), (58.0, 68.0), (68.0, 78.0), (78.0, 88.0), (88.0, 98.0), (98.0, 108.0), (108.0, 118.0), (118.0, 128.0), (128.0, 138.0), (138.0, 148.0), (148.0, 158.0), (158.0, 168.0), (168.0, 178.0), (178.0, 188.0), (188.0, 198.0), (198.0, 208.0)]
Añadiendo el rango a la columna Rangos: 0        48.0-58.0
8        48.0-58.0
20       58.0-68.0
27       48.0-58.0
38       58.0-68.0
56     198.0-208.0
72       58.0-68.0
80       48.0-58.0
94       48.0-58.0
107      48.0-58.0
137      48.0-58.0
188      48.0-58.0
199      48.0-58.0
222      58.0-68.0
Name: Rangos, dtype: category
Categories (16, object): ['48.0-58.0' < '58.0-68.0' < '68.0-78.0' < '78.0-88.0' ... '168.0-178.0' <
                          '178.0-188.0' < '188.0-198.0' < '198.0-208.0']
Creando hoja 2D2B
Estilos definidos para las filas pares e impares
Calculando estadísticas para 14 filas
Estilo de celdas de estadísticas definido como bold_font y blue_fill
Etiquetas de estadísticas definidas: ['Promedio:', 'Moda:', 'Mediana:', 'Rango Mínimo:', 'Rango Máximo:', 'Percentil 80:', 'Percentil 85:', 'Percentil 90:', 'Percentil 95:']
Añadiendo estadísticos
Ajustando el ancho de las columnas
Estilo de celdas de estadísticas definido como bold_font y blue_fill
Calculando mínimo y máximo de m2 totales: 71.0 y 71.0
Creando lista de tuplas con los rangos: [(71.0, 81.0)]
Añadiendo el rango a la columna Rangos: 4    71.0-81.0
Name: Rangos, dtype: category
Categories (1, object): ['71.0-81.0']
Creando hoja 3D1B
Estilos definidos para las filas pares e impares
Calculando estadísticas para 1 filas
Estilo de celdas de estadísticas definido como bold_font y blue_fill
Etiquetas de estadísticas definidas: ['Promedio:', 'Moda:', 'Mediana:', 'Rango Mínimo:', 'Rango Máximo:', 'Percentil 80:', 'Percentil 85:', 'Percentil 90:', 'Percentil 95:']
Añadiendo estadísticos
Ajustando el ancho de las columnas
Estilo de celdas de estadísticas definido como bold_font y blue_fill
Calculando mínimo y máximo de m2 totales: 60.0 y 75.0
Calculando número de rangos: 2
Creando lista de tuplas con los rangos: [(60.0, 70.0), (70.0, 80.0)]
Añadiendo el rango a la columna Rangos: 6      70.0-80.0
41     60.0-70.0
55     60.0-70.0
64     70.0-80.0
75     60.0-70.0
87     60.0-70.0
106    60.0-70.0
166    60.0-70.0
Name: Rangos, dtype: category
Categories (2, object): ['60.0-70.0' < '70.0-80.0']
Creando hoja 3D2B
Estilos definidos para las filas pares e impares
Calculando estadísticas para 8 filas
Estilo de celdas de estadísticas definido como bold_font y blue_fill
Etiquetas de estadísticas definidas: ['Promedio:', 'Moda:', 'Mediana:', 'Rango Mínimo:', 'Rango Máximo:', 'Percentil 80:', 'Percentil 85:', 'Percentil 90:', 'Percentil 95:']
Añadiendo estadísticos
Ajustando el ancho de las columnas
Estilo de celdas de estadísticas definido como bold_font y blue_fill
Calculando mínimo y máximo de m2 totales: 30.0 y 35.0
Calculando número de rangos: 1
Creando lista de tuplas con los rangos: [(30.0, 40.0)]
Añadiendo el rango a la columna Rangos: 15     30.0-40.0
241    30.0-40.0
Name: Rangos, dtype: category
Categories (1, object): ['30.0-40.0']
Creando hoja Estudio
Estilos definidos para las filas pares e impares
Calculando estadísticas para 2 filas
Estilo de celdas de estadísticas definido como bold_font y blue_fill
Etiquetas de estadísticas definidas: ['Promedio:', 'Moda:', 'Mediana:', 'Rango Mínimo:', 'Rango Máximo:', 'Percentil 80:', 'Percentil 85:', 'Percentil 90:', 'Percentil 95:']
Añadiendo estadísticos
Ajustando el ancho de las columnas
Estilo de celdas de estadísticas definido como bold_font y blue_fill
Procesamiento de datos finalizado. Resultados guardados como "procesado_UrbanoPark.xlsx" en /Users/joshmysore/Code/CCLA/process-spreadsheet/resultados_UrbanoPark.xlsx_2023_25_07_17_34_15
